
>> GABY #0.41
   (c) buster@isys-hh.hanse.de

Simple Mode.

mmu.jed

         "snmp0.00"
          ___   ___
         |   |_|   |
   ale_i | 1     20| vcc
     a15 | 2     19| ale_o
     a14 | 3     18| csppi
     a13 | 4     17| a14rom
     a12 | 5     16| a14ram
     a11 | 6     15| a13rom
     a10 | 7     14| a13ram
      s0 | 8     13| csram
      s1 | 9     12| csrom
     gnd |10     11| ale
         |_________|

GAL16V8

 2056  UES "snmp0.00"

 2192  SYN -   2193  AC0 *

Pin #19    2048  XOR -    2120  AC1 *
 0000 ---* ---- ---- ---- ---- ---- ---- ---- - (2128)
 0032 **** **** **** **** **** **** **** **** - (2129)
 0064 **** **** **** **** **** **** **** **** - (2130)
 0096 **** **** **** **** **** **** **** **** - (2131)
 0128 **** **** **** **** **** **** **** **** - (2132)
 0160 **** **** **** **** **** **** **** **** - (2133)
 0192 **** **** **** **** **** **** **** **** - (2134)
 0224 **** **** **** **** **** **** **** **** - (2135)

Pin #18    2049  XOR *    2121  AC1 *
 0256 -*-- -*-- -*-- -*-- *--- *--- ---- ---- - (2136)
 0288 **** **** **** **** **** **** **** **** - (2137)
 0320 **** **** **** **** **** **** **** **** - (2138)
 0352 **** **** **** **** **** **** **** **** - (2139)
 0384 **** **** **** **** **** **** **** **** - (2140)
 0416 **** **** **** **** **** **** **** **** - (2141)
 0448 **** **** **** **** **** **** **** **** - (2142)
 0480 **** **** **** **** **** **** **** **** - (2143)

Pin #17    2050  XOR -    2122  AC1 *
 0512 -*-- *--- *--- ---- ---- ---- ---- ---- - (2144)
 0544 -*-- -*-- -*-- ---- ---- ---- ---- ---- - (2145)
 0576 **** **** **** **** **** **** **** **** - (2146)
 0608 **** **** **** **** **** **** **** **** - (2147)
 0640 **** **** **** **** **** **** **** **** - (2148)
 0672 **** **** **** **** **** **** **** **** - (2149)
 0704 **** **** **** **** **** **** **** **** - (2150)
 0736 **** **** **** **** **** **** **** **** - (2151)

Pin #16    2051  XOR -    2123  AC1 *
 0768 ---- *--- ---- ---- ---- ---- ---- ---- - (2152)
 0800 **** **** **** **** **** **** **** **** - (2153)
 0832 **** **** **** **** **** **** **** **** - (2154)
 0864 **** **** **** **** **** **** **** **** - (2155)
 0896 **** **** **** **** **** **** **** **** - (2156)
 0928 **** **** **** **** **** **** **** **** - (2157)
 0960 **** **** **** **** **** **** **** **** - (2158)
 0992 **** **** **** **** **** **** **** **** - (2159)

Pin #15    2052  XOR -    2124  AC1 *
 1024 ---- ---- -*-- ---- ---- ---- ---- ---- - (2160)
 1056 **** **** **** **** **** **** **** **** - (2161)
 1088 **** **** **** **** **** **** **** **** - (2162)
 1120 **** **** **** **** **** **** **** **** - (2163)
 1152 **** **** **** **** **** **** **** **** - (2164)
 1184 **** **** **** **** **** **** **** **** - (2165)
 1216 **** **** **** **** **** **** **** **** - (2166)
 1248 **** **** **** **** **** **** **** **** - (2167)

Pin #14    2053  XOR -    2125  AC1 *
 1280 ---- ---- *--- ---- ---- ---- ---- ---- - (2168)
 1312 **** **** **** **** **** **** **** **** - (2169)
 1344 **** **** **** **** **** **** **** **** - (2170)
 1376 **** **** **** **** **** **** **** **** - (2171)
 1408 **** **** **** **** **** **** **** **** - (2172)
 1440 **** **** **** **** **** **** **** **** - (2173)
 1472 **** **** **** **** **** **** **** **** - (2174)
 1504 **** **** **** **** **** **** **** **** - (2175)

Pin #13    2054  XOR *    2126  AC1 *
 1536 *--- -*-- *--- ---- ---- ---- ---- ---- - (2176)
 1568 *--- *--- ---- ---- ---- ---- ---- ---- - (2177)
 1600 **** **** **** **** **** **** **** **** - (2178)
 1632 **** **** **** **** **** **** **** **** - (2179)
 1664 **** **** **** **** **** **** **** **** - (2180)
 1696 **** **** **** **** **** **** **** **** - (2181)
 1728 **** **** **** **** **** **** **** **** - (2182)
 1760 **** **** **** **** **** **** **** **** - (2183)

Pin #12    2055  XOR *    2127  AC1 *
 1792 -*-- -*-- *--- ---- ---- ---- ---- ---- - (2184)
 1824 -*-- *--- ---- ---- ---- ---- ---- ---- - (2185)
 1856 *--- -*-- -*-- ---- ---- ---- ---- ---- - (2186)
 1888 **** **** **** **** **** **** **** **** - (2187)
 1920 **** **** **** **** **** **** **** **** - (2188)
 1952 **** **** **** **** **** **** **** **** - (2189)
 1984 **** **** **** **** **** **** **** **** - (2190)
 2016 **** **** **** **** **** **** **** **** - (2191)

   LEGEND:  '*': Programmed Cell,  '-': Erased Cell
